<?xml version="1.0" encoding="UTF-8"?>
<!-- Generated by org.testng.reporters.JUnitXMLReporter -->
<testsuite ignored="0" hostname="PRODUCTQADBserv" failures="4" tests="10" name="Test" time="102.556" errors="0" timestamp="2025-08-09T17:40:31 IST">
  <testcase classname="MaOne_AssetLibrary.MaOne_AssetLibraryTest" name="assetSingleFileUpload" time="25.714">
    <skipped/>
  </testcase> <!-- assetSingleFileUpload -->
  <testcase classname="MaOne_AssetLibrary.MaOne_AssetLibraryTest" name="assetSingleFileUpload" time="22.054">
    <skipped/>
  </testcase> <!-- assetSingleFileUpload -->
  <testcase classname="MaOne_AssetLibrary.MaOne_AssetLibraryTest" name="assetSingleFileUpload" time="22.069">
    <failure type="java.lang.RuntimeException" message="Retry triggered due to failure: Cannot invoke &amp;quot;com.aventstack.extentreports.ExtentTest.fail(String)&amp;quot; because &amp;quot;MaOne_AssetLibraryMain.MaOne_UploadFunctions.test&amp;quot; is null">
      <![CDATA[java.lang.RuntimeException: Retry triggered due to failure: Cannot invoke "com.aventstack.extentreports.ExtentTest.fail(String)" because "MaOne_AssetLibraryMain.MaOne_UploadFunctions.test" is null
at MaOne_AssetLibrary.MaOne_AssetLibraryTest.assetSingleFileUpload(MaOne_AssetLibraryTest.java:46)
at java.base/java.util.ArrayList.forEach(ArrayList.java:1511)
Caused by: java.lang.NullPointerException: Cannot invoke "com.aventstack.extentreports.ExtentTest.fail(String)" because "MaOne_AssetLibraryMain.MaOne_UploadFunctions.test" is null
at MaOne_AssetLibraryMain.MaOne_UploadFunctions.MA_SingleFileUpload(MaOne_UploadFunctions.java:266)
at MaOne_AssetLibrary.MaOne_AssetLibraryTest.assetSingleFileUpload(MaOne_AssetLibraryTest.java:44)
... 27 more
... Removed 26 stack frames]]>
    </failure>
  </testcase> <!-- assetSingleFileUpload -->
  <testcase classname="MaOne_AssetLibrary.MaOne_AssetLibraryTest" name="assetSingleFileUploadWithMetadata" time="21.719">
    <skipped/>
  </testcase> <!-- assetSingleFileUploadWithMetadata -->
  <testcase classname="MaOne_AssetLibrary.MaOne_AssetLibraryTest" name="assetSingleFileUploadWithMetadata" time="2.227">
    <skipped/>
  </testcase> <!-- assetSingleFileUploadWithMetadata -->
  <testcase classname="MaOne_AssetLibrary.MaOne_AssetLibraryTest" name="assetSingleFileUploadWithMetadata" time="2.132">
    <failure type="java.lang.RuntimeException" message="Retry triggered due to failure: Cannot invoke &amp;quot;com.aventstack.extentreports.ExtentTest.fail(String)&amp;quot; because &amp;quot;MaOne_AssetLibraryMain.MaOne_UploadFunctions.test&amp;quot; is null">
      <![CDATA[java.lang.RuntimeException: Retry triggered due to failure: Cannot invoke "com.aventstack.extentreports.ExtentTest.fail(String)" because "MaOne_AssetLibraryMain.MaOne_UploadFunctions.test" is null
at MaOne_AssetLibrary.MaOne_AssetLibraryTest.assetSingleFileUploadWithMetadata(MaOne_AssetLibraryTest.java:59)
at java.base/java.util.ArrayList.forEach(ArrayList.java:1511)
Caused by: java.lang.NullPointerException: Cannot invoke "com.aventstack.extentreports.ExtentTest.fail(String)" because "MaOne_AssetLibraryMain.MaOne_UploadFunctions.test" is null
at MaOne_AssetLibraryMain.MaOne_UploadFunctions.MA_FileUploadwithMetada(MaOne_UploadFunctions.java:635)
at MaOne_AssetLibrary.MaOne_AssetLibraryTest.assetSingleFileUploadWithMetadata(MaOne_AssetLibraryTest.java:57)
... 27 more
... Removed 26 stack frames]]>
    </failure>
  </testcase> <!-- assetSingleFileUploadWithMetadata -->
  <testcase classname="Application.extent_report_admin" name="end_report" time="0.021">
    <skipped/>
  </testcase> <!-- end_report -->
  <testcase classname="Application.extent_report_admin" name="end_report" time="0.004">
    <skipped/>
  </testcase> <!-- end_report -->
  <testcase classname="Application.extent_report_admin" name="end_report" time="0.001">
    <failure type="java.lang.NullPointerException" message="Cannot invoke &amp;quot;com.aventstack.extentreports.ExtentReports.flush()&amp;quot; because &amp;quot;Application.extent_report_admin.extent&amp;quot; is null">
      <![CDATA[java.lang.NullPointerException: Cannot invoke "com.aventstack.extentreports.ExtentReports.flush()" because "Application.extent_report_admin.extent" is null
at Application.extent_report_admin.end_report(extent_report_admin.java:58)
at java.base/java.util.ArrayList.forEach(ArrayList.java:1511)
... Removed 26 stack frames]]>
    </failure>
  </testcase> <!-- end_report -->
  <testcase classname="Application.extent_report_admin" name="screenshot_store" time="0.0">
    <failure type="org.testng.TestNGException" message="
Cannot inject @Test annotated Method [screenshot_store] with [interface org.openqa.selenium.WebDriver].
For more information on native dependency injection please refer to https://testng.org/doc/documentation-main.html#native-dependency-injection">
      <![CDATA[org.testng.TestNGException: 
Cannot inject @Test annotated Method [screenshot_store] with [interface org.openqa.selenium.WebDriver].
For more information on native dependency injection please refer to https://testng.org/doc/documentation-main.html#native-dependency-injection
at java.base/java.util.ArrayList.forEach(ArrayList.java:1511)
... Removed 27 stack frames]]>
    </failure>
  </testcase> <!-- screenshot_store -->
</testsuite> <!-- Test -->
