<?xml version="1.0" encoding="UTF-8"?>
<!-- Generated by org.testng.reporters.JUnitXMLReporter -->
<testsuite ignored="0" hostname="PRODUCTQADBserv" failures="1" tests="6" name="Viewer Module" time="2714.804" errors="0" timestamp="2025-09-29T12:44:52 IST">
  <testcase classname="MaOne_Viewer.MaOne_ViewerTest" name="maOneViewerTools" time="690.428">
    <skipped/>
  </testcase> <!-- maOneViewerTools -->
  <testcase classname="MaOne_Viewer.MaOne_ViewerTest" name="maOneViewerTools" time="253.131">
    <skipped/>
  </testcase> <!-- maOneViewerTools -->
  <testcase classname="MaOne_Viewer.MaOne_ViewerTest" name="maOneViewerTools" time="252.818">
    <failure type="java.lang.RuntimeException" message="org.openqa.selenium.ElementClickInterceptedException: element click intercepted: Element &amp;lt;div id=&amp;quot;Search_card_0&amp;quot; class=&amp;quot;flex asset-card-box h-fit w-40 mobile:w-[9.75rem]  z-auto border border-skin-textBoxBorder drop-shadow-md shadow-sm bg-white&amp;quot; style=&amp;quot;z-index: 42;&amp;quot;&amp;gt;...&amp;lt;/div&amp;gt; is not clickable at point (385, 200). Other element would receive the click: &amp;lt;div class=&amp;quot; tablet:!h-[calc(100vh-265px)] w-full mobile:!h-[calc(100vh-300px)]  overflow-auto scrollbar&amp;quot;&amp;gt;...&amp;lt;/div&amp;gt;
  (Session info: chrome=140.0.7339.187)
Build info: version: &amp;apos;4.33.0&amp;apos;, revision: &amp;apos;2c6aaad03a&amp;apos;
System info: os.name: &amp;apos;Windows Server 2019&amp;apos;, os.arch: &amp;apos;amd64&amp;apos;, os.version: &amp;apos;10.0&amp;apos;, java.version: &amp;apos;19.0.1&amp;apos;
Driver info: org.openqa.selenium.chrome.ChromeDriver
Command: [3d3eb12e4c6ee7c648c010670df64705, clickElement {id=f.F67414CF008E1809AC1474B081E6F824.d.D760FEB0C312A360CEE8150CDD9C6EB8.e.1320}]
Capabilities {acceptInsecureCerts: false, browserName: chrome, browserVersion: 140.0.7339.187, chrome: {chromedriverVersion: 140.0.7339.82 (bc93617e21c3..., userDataDir: C:\Users\AUTOTE~1\AppData\L...}, fedcm:accounts: true, goog:chromeOptions: {debuggerAddress: localhost:55270}, networkConnectionEnabled: false, pageLoadStrategy: normal, platformName: windows, proxy: Proxy(), se:cdp: ws://localhost:55270/devtoo..., se:cdpVersion: 140.0.7339.187, setWindowRect: true, strictFileInteractability: false, timeouts: {implicit: 0, pageLoad: 300000, script: 30000}, unhandledPromptBehavior: dismiss and notify, webauthn:extension:credBlob: true, webauthn:extension:largeBlob: true, webauthn:extension:minPinLength: true, webauthn:extension:prf: true, webauthn:virtualAuthenticators: true}
Element: [[ChromeDriver: chrome on windows (3d3eb12e4c6ee7c648c010670df64705)] -&amp;gt; xpath: //*[@id=&amp;quot;Search_card_0&amp;quot;]]
Session ID: 3d3eb12e4c6ee7c648c010670df64705">
      <![CDATA[java.lang.RuntimeException: org.openqa.selenium.ElementClickInterceptedException: element click intercepted: Element <div id="Search_card_0" class="flex asset-card-box h-fit w-40 mobile:w-[9.75rem]  z-auto border border-skin-textBoxBorder drop-shadow-md shadow-sm bg-white" style="z-index: 42;">...</div> is not clickable at point (385, 200). Other element would receive the click: <div class=" tablet:!h-[calc(100vh-265px)] w-full mobile:!h-[calc(100vh-300px)]  overflow-auto scrollbar">...</div>
  (Session info: chrome=140.0.7339.187)
Build info: version: '4.33.0', revision: '2c6aaad03a'
System info: os.name: 'Windows Server 2019', os.arch: 'amd64', os.version: '10.0', java.version: '19.0.1'
Driver info: org.openqa.selenium.chrome.ChromeDriver
Command: [3d3eb12e4c6ee7c648c010670df64705, clickElement {id=f.F67414CF008E1809AC1474B081E6F824.d.D760FEB0C312A360CEE8150CDD9C6EB8.e.1320}]
Capabilities {acceptInsecureCerts: false, browserName: chrome, browserVersion: 140.0.7339.187, chrome: {chromedriverVersion: 140.0.7339.82 (bc93617e21c3..., userDataDir: C:\Users\AUTOTE~1\AppData\L...}, fedcm:accounts: true, goog:chromeOptions: {debuggerAddress: localhost:55270}, networkConnectionEnabled: false, pageLoadStrategy: normal, platformName: windows, proxy: Proxy(), se:cdp: ws://localhost:55270/devtoo..., se:cdpVersion: 140.0.7339.187, setWindowRect: true, strictFileInteractability: false, timeouts: {implicit: 0, pageLoad: 300000, script: 30000}, unhandledPromptBehavior: dismiss and notify, webauthn:extension:credBlob: true, webauthn:extension:largeBlob: true, webauthn:extension:minPinLength: true, webauthn:extension:prf: true, webauthn:virtualAuthenticators: true}
Element: [[ChromeDriver: chrome on windows (3d3eb12e4c6ee7c648c010670df64705)] -> xpath: //*[@id="Search_card_0"]]
Session ID: 3d3eb12e4c6ee7c648c010670df64705
at MAOne_ViewerMain.viewerTools.tools(viewerTools.java:808)
at MaOne_Viewer.MaOne_ViewerTest.maOneViewerTools(MaOne_ViewerTest.java:98)
at java.base/java.util.ArrayList.forEach(ArrayList.java:1511)
Caused by: org.openqa.selenium.ElementClickInterceptedException: element click intercepted: Element <div id="Search_card_0" class="flex asset-card-box h-fit w-40 mobile:w-[9.75rem]  z-auto border border-skin-textBoxBorder drop-shadow-md shadow-sm bg-white" style="z-index: 42;">...</div> is not clickable at point (385, 200). Other element would receive the click: <div class=" tablet:!h-[calc(100vh-265px)] w-full mobile:!h-[calc(100vh-300px)]  overflow-auto scrollbar">...</div>
  (Session info: chrome=140.0.7339.187)
Build info: version: '4.33.0', revision: '2c6aaad03a'
System info: os.name: 'Windows Server 2019', os.arch: 'amd64', os.version: '10.0', java.version: '19.0.1'
Driver info: org.openqa.selenium.chrome.ChromeDriver
Command: [3d3eb12e4c6ee7c648c010670df64705, clickElement {id=f.F67414CF008E1809AC1474B081E6F824.d.D760FEB0C312A360CEE8150CDD9C6EB8.e.1320}]
Capabilities {acceptInsecureCerts: false, browserName: chrome, browserVersion: 140.0.7339.187, chrome: {chromedriverVersion: 140.0.7339.82 (bc93617e21c3..., userDataDir: C:\Users\AUTOTE~1\AppData\L...}, fedcm:accounts: true, goog:chromeOptions: {debuggerAddress: localhost:55270}, networkConnectionEnabled: false, pageLoadStrategy: normal, platformName: windows, proxy: Proxy(), se:cdp: ws://localhost:55270/devtoo..., se:cdpVersion: 140.0.7339.187, setWindowRect: true, strictFileInteractability: false, timeouts: {implicit: 0, pageLoad: 300000, script: 30000}, unhandledPromptBehavior: dismiss and notify, webauthn:extension:credBlob: true, webauthn:extension:largeBlob: true, webauthn:extension:minPinLength: true, webauthn:extension:prf: true, webauthn:virtualAuthenticators: true}
Element: [[ChromeDriver: chrome on windows (3d3eb12e4c6ee7c648c010670df64705)] -> xpath: //*[@id="Search_card_0"]]
Session ID: 3d3eb12e4c6ee7c648c010670df64705
at org.openqa.selenium.remote.ErrorCodec.decode(ErrorCodec.java:167)
at org.openqa.selenium.remote.codec.w3c.W3CHttpResponseCodec.decode(W3CHttpResponseCodec.java:138)
at org.openqa.selenium.remote.codec.w3c.W3CHttpResponseCodec.decode(W3CHttpResponseCodec.java:50)
at org.openqa.selenium.remote.HttpCommandExecutor.execute(HttpCommandExecutor.java:215)
at org.openqa.selenium.remote.service.DriverCommandExecutor.invokeExecute(DriverCommandExecutor.java:216)
at org.openqa.selenium.remote.service.DriverCommandExecutor.execute(DriverCommandExecutor.java:174)
at org.openqa.selenium.remote.RemoteWebDriver.execute(RemoteWebDriver.java:544)
at org.openqa.selenium.remote.RemoteWebElement.execute(RemoteWebElement.java:223)
at org.openqa.selenium.remote.RemoteWebElement.click(RemoteWebElement.java:76)
at MAOne_ViewerMain.viewerTools.tools(viewerTools.java:60)
... 27 more
... Removed 28 stack frames]]>
    </failure>
  </testcase> <!-- maOneViewerTools -->
  <testcase classname="MaOne_Viewer.MaOne_ViewerTest" name="viewerTopPanel" time="788.709"/>
  <testcase classname="MaOne_Viewer.MaOne_ViewerTest" name="maOneViewerAnnotation" time="380.016"/>
  <testcase classname="MaOne_Viewer.MaOne_ViewerTest" name="maOneProofing" time="337.218"/>
</testsuite> <!-- Viewer Module -->
